Using pre-set license
Built from '2020.2/release' branch; Version is '2020.2.4f1 (becced5a802b) revision 12504301'; Using compiler version '192528614'; Build Type 'Release'
OS: 'Windows 10 Home; OS build 22631.3447; Version 2009; 64bit' Language: 'es' Physical Memory: 14283 MB
BatchMode: 1, IsHumanControllingUs: 0, StartBugReporterOnCrash: 0, Is64bit: 1, IsPro: 0

 COMMAND LINE ARGUMENTS:
C:\Program Files\Unity\Hub\Editor\2020.2.4f1\Editor\Unity.exe
-adb2
-batchMode
-noUpm
-name
AssetImportWorker0
-projectPath
C:/Users/Daniel/Desktop/Dani/Estudios/UPF/4/4v1/3er Trimestre/Interactive Systems/SheepRescue DanielLizCac
-logFile
Logs/AssetImportWorker0.log
-srvPort
55607
Successfully changed project path to: C:/Users/Daniel/Desktop/Dani/Estudios/UPF/4/4v1/3er Trimestre/Interactive Systems/SheepRescue DanielLizCac
C:/Users/Daniel/Desktop/Dani/Estudios/UPF/4/4v1/3er Trimestre/Interactive Systems/SheepRescue DanielLizCac
Using Asset Import Pipeline V2.
Refreshing native plugins compatible for Editor in 26.74 ms, found 0 plugins.
Preloading 0 native plugins for Editor in 0.00 ms.
Initialize engine version: 2020.2.4f1 (becced5a802b)
[Subsystems] Discovering subsystems at path C:/Program Files/Unity/Hub/Editor/2020.2.4f1/Editor/Data/Resources/UnitySubsystems
[Subsystems] Discovering subsystems at path C:/Users/Daniel/Desktop/Dani/Estudios/UPF/4/4v1/3er Trimestre/Interactive Systems/SheepRescue DanielLizCac/Assets
GfxDevice: creating device client; threaded=0
Direct3D:
    Version:  Direct3D 11.0 [level 11.1]
    Renderer: AMD Radeon(TM) RX Vega 10 Graphics (ID=0x15d8)
    Vendor:   
    VRAM:     7141 MB
    Driver:   30.0.13022.3
Initialize mono
Mono path[0] = 'C:/Program Files/Unity/Hub/Editor/2020.2.4f1/Editor/Data/Managed'
Mono path[1] = 'C:/Program Files/Unity/Hub/Editor/2020.2.4f1/Editor/Data/MonoBleedingEdge/lib/mono/unityjit'
Mono config path = 'C:/Program Files/Unity/Hub/Editor/2020.2.4f1/Editor/Data/MonoBleedingEdge/etc'
Using monoOptions --debugger-agent=transport=dt_socket,embedding=1,server=y,suspend=n,address=127.0.0.1:56212
Begin MonoManager ReloadAssembly
Registering precompiled unity dll's ...
Register platform support module: C:/Program Files/Unity/Hub/Editor/2020.2.4f1/Editor/Data/PlaybackEngines/MacStandaloneSupport/UnityEditor.OSXStandalone.Extensions.dll
Register platform support module: C:/Program Files/Unity/Hub/Editor/2020.2.4f1/Editor/Data/PlaybackEngines/WindowsStandaloneSupport/UnityEditor.WindowsStandalone.Extensions.dll
Registered in 0.005609 seconds.
Native extension for WindowsStandalone target not found
Native extension for OSXStandalone target not found
Refreshing native plugins compatible for Editor in 34.91 ms, found 0 plugins.
Preloading 0 native plugins for Editor in 0.00 ms.
Invoked RoslynAnalysisRunner static constructor.
RoslynAnalysisRunner will not be running.
RoslynAnalysisRunner has terminated.
Mono: successfully reloaded assembly
- Completed reload, in  1.987 seconds
Platform modules already initialized, skipping
Registering precompiled user dll's ...
Registered in 0.001550 seconds.
Begin MonoManager ReloadAssembly
Native extension for WindowsStandalone target not found
Native extension for OSXStandalone target not found
Refreshing native plugins compatible for Editor in 0.29 ms, found 0 plugins.
Preloading 0 native plugins for Editor in 0.00 ms.
Invoked RoslynAnalysisRunner static constructor.
RoslynAnalysisRunner will not be running.
RoslynAnalysisRunner has terminated.
Mono: successfully reloaded assembly
- Completed reload, in  1.246 seconds
Platform modules already initialized, skipping
========================================================================
Worker process is ready to serve import requests
Launched and connected shader compiler UnityShaderCompiler.exe after 0.06 seconds
Refreshing native plugins compatible for Editor in 0.27 ms, found 0 plugins.
Preloading 0 native plugins for Editor in 0.00 ms.
Unloading 1097 Unused Serialized files (Serialized files now loaded: 0)
System memory in use before: 62.5 MB.
System memory in use after: 62.5 MB.

Unloading 9 unused Assets to reduce memory usage. Loaded Objects now: 1552.
Total: 2.828000 ms (FindLiveObjects: 0.343000 ms CreateObjectMapping: 0.049100 ms MarkObjects: 2.316900 ms  DeleteObjects: 0.116200 ms)

========================================================================
Received Import Request.
  path: Assets/RW/Materials
  artifactKey: Guid(f8f20bcce2d9f8b4dbe5fd27b498fa6c) Importer(815301076,1909f56bfc062723c751e8b465ee728b)
Start importing Assets/RW/Materials using Guid(f8f20bcce2d9f8b4dbe5fd27b498fa6c) Importer(815301076,1909f56bfc062723c751e8b465ee728b)  -> (artifact id: '40e14e590e1a9b8fe38b5c062d5abdd1') in 0.015600 seconds
  Import took 0.018222 seconds .

========================================================================
Received Import Request.
  Time since last request: 4.930726 seconds.
  path: Assets/RW/Materials/New Flare.flare
  artifactKey: Guid(34f445c931bbee84ea85b4cc7d13a66c) Importer(815301076,1909f56bfc062723c751e8b465ee728b)
Start importing Assets/RW/Materials/New Flare.flare using Guid(34f445c931bbee84ea85b4cc7d13a66c) Importer(815301076,1909f56bfc062723c751e8b465ee728b)  -> (artifact id: '77173a308552a7669b8caff52539015e') in 0.115311 seconds
  Import took 0.118428 seconds .

========================================================================
Received Import Request.
  Time since last request: 22.547196 seconds.
  path: Assets/RW/Materials/Ground.mat
  artifactKey: Guid(f70c23b1689d5f54581f0cd87fc5c0f5) Importer(815301076,1909f56bfc062723c751e8b465ee728b)
Start importing Assets/RW/Materials/Ground.mat using Guid(f70c23b1689d5f54581f0cd87fc5c0f5) Importer(815301076,1909f56bfc062723c751e8b465ee728b)  -> (artifact id: '7f967cccec5ba2eea6a644ac7efc2b08') in 0.142468 seconds
  Import took 0.145575 seconds .

========================================================================
Received Import Request.
  Time since last request: 199.968699 seconds.
  path: Assets/RW/Materials/2b5973de39eb2644364dc0cc317f7dd3.jpg
  artifactKey: Guid(2eb43641f7f782c4687a4480427f940f) Importer(815301076,1909f56bfc062723c751e8b465ee728b)
Start importing Assets/RW/Materials/2b5973de39eb2644364dc0cc317f7dd3.jpg using Guid(2eb43641f7f782c4687a4480427f940f) Importer(815301076,1909f56bfc062723c751e8b465ee728b)  -> (artifact id: 'ad8f29fb22c7fc413b582214fb012661') in 0.062027 seconds
  Import took 0.065637 seconds .

========================================================================
Received Import Request.
  Time since last request: 245.544109 seconds.
  path: Assets/RW/Materials/2b5973de39eb2644364dc0cc317f7dd3.jpg
  artifactKey: Guid(2eb43641f7f782c4687a4480427f940f) Importer(815301076,1909f56bfc062723c751e8b465ee728b)
Start importing Assets/RW/Materials/2b5973de39eb2644364dc0cc317f7dd3.jpg using Guid(2eb43641f7f782c4687a4480427f940f) Importer(815301076,1909f56bfc062723c751e8b465ee728b)  -> (artifact id: '823a498e35b58d460000698683375991') in 0.044279 seconds
  Import took 0.049517 seconds .

========================================================================
Received Import Request.
  Time since last request: 51.631176 seconds.
  path: Assets/RW/Materials/New Material.mat
  artifactKey: Guid(38ccf993a9642dc4c8015749db335d84) Importer(815301076,1909f56bfc062723c751e8b465ee728b)
Start importing Assets/RW/Materials/New Material.mat using Guid(38ccf993a9642dc4c8015749db335d84) Importer(815301076,1909f56bfc062723c751e8b465ee728b)  -> (artifact id: 'c454531a76824511514dfa402289ae4c') in 0.055080 seconds
  Import took 0.061202 seconds .

========================================================================
Received Import Request.
  Time since last request: 93.412616 seconds.
  path: Assets/RW/Materials/Materials
  artifactKey: Guid(0e632ebdcfee0c344b087e52545c00f1) Importer(815301076,1909f56bfc062723c751e8b465ee728b)
Start importing Assets/RW/Materials/Materials using Guid(0e632ebdcfee0c344b087e52545c00f1) Importer(815301076,1909f56bfc062723c751e8b465ee728b)  -> (artifact id: '6615c780c36e2938744ccfe6ddc86984') in 0.009655 seconds
  Import took 0.015423 seconds .

========================================================================
Received Import Request.
  Time since last request: 0.118079 seconds.
  path: Assets/RW/Materials/Materials/2b5973de39eb2644364dc0cc317f7dd3.mat
  artifactKey: Guid(fa8c532bb3f8d584e9dac415694ac72f) Importer(815301076,1909f56bfc062723c751e8b465ee728b)
Start importing Assets/RW/Materials/Materials/2b5973de39eb2644364dc0cc317f7dd3.mat using Guid(fa8c532bb3f8d584e9dac415694ac72f) Importer(815301076,1909f56bfc062723c751e8b465ee728b)  -> (artifact id: '2178a7c20748df2cee2fcbe9bc5f5cae') in 0.039380 seconds
  Import took 0.044364 seconds .

========================================================================
Received Prepare
Registering precompiled user dll's ...
Registered in 0.002301 seconds.
Begin MonoManager ReloadAssembly
Native extension for WindowsStandalone target not found
Native extension for OSXStandalone target not found
Refreshing native plugins compatible for Editor in 0.38 ms, found 0 plugins.
Preloading 0 native plugins for Editor in 0.00 ms.
Invoked RoslynAnalysisRunner static constructor.
RoslynAnalysisRunner will not be running.
RoslynAnalysisRunner has terminated.
Mono: successfully reloaded assembly
- Completed reload, in  1.488 seconds
Platform modules already initialized, skipping
Refreshing native plugins compatible for Editor in 0.31 ms, found 0 plugins.
Preloading 0 native plugins for Editor in 0.00 ms.
Unloading 1091 Unused Serialized files (Serialized files now loaded: 0)
System memory in use before: 65.7 MB.
System memory in use after: 65.8 MB.

Unloading 4 unused Assets to reduce memory usage. Loaded Objects now: 1596.
Total: 4.107400 ms (FindLiveObjects: 0.502500 ms CreateObjectMapping: 0.082700 ms MarkObjects: 3.474900 ms  DeleteObjects: 0.043300 ms)

========================================================================
Received Import Request.
  Time since last request: 53.433725 seconds.
  path: Assets/RW/Materials/ground_image.jpg
  artifactKey: Guid(2eb43641f7f782c4687a4480427f940f) Importer(815301076,1909f56bfc062723c751e8b465ee728b)
Start importing Assets/RW/Materials/ground_image.jpg using Guid(2eb43641f7f782c4687a4480427f940f) Importer(815301076,1909f56bfc062723c751e8b465ee728b)  -> (artifact id: 'b9d6b2ee8c0172383e59a5458886f59b') in 0.106416 seconds
  Import took 0.110578 seconds .

========================================================================
Received Import Request.
  Time since last request: 26.621796 seconds.
  path: Assets/RW/Materials/ground_image.jpg
  artifactKey: Guid(2eb43641f7f782c4687a4480427f940f) Importer(815301076,1909f56bfc062723c751e8b465ee728b)
Start importing Assets/RW/Materials/ground_image.jpg using Guid(2eb43641f7f782c4687a4480427f940f) Importer(815301076,1909f56bfc062723c751e8b465ee728b)  -> (artifact id: 'bbd2e8521cc8d04d55e0f886d7b67d56') in 0.039267 seconds
  Import took 0.042390 seconds .

========================================================================
Received Import Request.
  Time since last request: 3.215315 seconds.
  path: Assets/RW/Materials/Materials/ground_image.mat
  artifactKey: Guid(111c659bf7363f5439301e59f4c8b9b2) Importer(815301076,1909f56bfc062723c751e8b465ee728b)
Start importing Assets/RW/Materials/Materials/ground_image.mat using Guid(111c659bf7363f5439301e59f4c8b9b2) Importer(815301076,1909f56bfc062723c751e8b465ee728b)  -> (artifact id: 'acfa9fed8878cbba352c7def7f86cb4a') in 0.129246 seconds
  Import took 0.134160 seconds .

========================================================================
Received Prepare
Registering precompiled user dll's ...
Registered in 0.001128 seconds.
Begin MonoManager ReloadAssembly
Native extension for WindowsStandalone target not found
Native extension for OSXStandalone target not found
Refreshing native plugins compatible for Editor in 0.40 ms, found 0 plugins.
Preloading 0 native plugins for Editor in 0.00 ms.
Invoked RoslynAnalysisRunner static constructor.
RoslynAnalysisRunner will not be running.
RoslynAnalysisRunner has terminated.
Mono: successfully reloaded assembly
- Completed reload, in  1.566 seconds
Platform modules already initialized, skipping
Refreshing native plugins compatible for Editor in 0.53 ms, found 0 plugins.
Preloading 0 native plugins for Editor in 0.00 ms.
Unloading 1091 Unused Serialized files (Serialized files now loaded: 0)
System memory in use before: 65.7 MB.
System memory in use after: 65.8 MB.

Unloading 4 unused Assets to reduce memory usage. Loaded Objects now: 1599.
Total: 4.277000 ms (FindLiveObjects: 0.458400 ms CreateObjectMapping: 0.058700 ms MarkObjects: 3.713400 ms  DeleteObjects: 0.042600 ms)

========================================================================
Received Import Request.
  Time since last request: 332.199786 seconds.
  path: Assets/RW/Materials/Shared.mat
  artifactKey: Guid(76192e63ebf2cc14fb4b84f132b5cff8) Importer(815301076,1909f56bfc062723c751e8b465ee728b)
Start importing Assets/RW/Materials/Shared.mat using Guid(76192e63ebf2cc14fb4b84f132b5cff8) Importer(815301076,1909f56bfc062723c751e8b465ee728b)  -> (artifact id: '465b45a4cd4e14eb92cf163d4077775c') in 0.218822 seconds
  Import took 0.223515 seconds .

========================================================================
Received Import Request.
  Time since last request: 0.000519 seconds.
  path: Assets/RW/Materials/seamless-texture-grass-texture-green-lawn-with-stones-illustration-of-a-nature-background-organic-grass-for-the-game-vector.jpg
  artifactKey: Guid(3029c7c3b08835546b1215e4b8e19eaf) Importer(815301076,1909f56bfc062723c751e8b465ee728b)
Start importing Assets/RW/Materials/seamless-texture-grass-texture-green-lawn-with-stones-illustration-of-a-nature-background-organic-grass-for-the-game-vector.jpg using Guid(3029c7c3b08835546b1215e4b8e19eaf) Importer(815301076,1909f56bfc062723c751e8b465ee728b)  -> (artifact id: '92dde5df475d943a5ebe192b62ba7ce2') in 0.063805 seconds
  Import took 0.068534 seconds .

========================================================================
Received Import Request.
  Time since last request: 0.005577 seconds.
  path: Assets/RW/Materials/seamless-texture-grass-texture-green-lawn-with-stones-illustration-of-a-nature-background-organic-grass-for-the-game-vector.jpg
  artifactKey: Guid(3029c7c3b08835546b1215e4b8e19eaf) Importer(815301076,1909f56bfc062723c751e8b465ee728b)
Start importing Assets/RW/Materials/seamless-texture-grass-texture-green-lawn-with-stones-illustration-of-a-nature-background-organic-grass-for-the-game-vector.jpg using Guid(3029c7c3b08835546b1215e4b8e19eaf) Importer(815301076,1909f56bfc062723c751e8b465ee728b)  -> (artifact id: '92dde5df475d943a5ebe192b62ba7ce2') in 0.042819 seconds
  Import took 0.047583 seconds .

========================================================================
Received Import Request.
  Time since last request: 44.147245 seconds.
  path: Assets/RW/Materials/Materials/seamless-texture-grass-texture-green-lawn-with-stones-illustration-of-a-nature-background-organic-grass-for-the-game-vector.mat
  artifactKey: Guid(c7f77ef5a1fccaa4aaaf8cc2e31e5f53) Importer(815301076,1909f56bfc062723c751e8b465ee728b)
Start importing Assets/RW/Materials/Materials/seamless-texture-grass-texture-green-lawn-with-stones-illustration-of-a-nature-background-organic-grass-for-the-game-vector.mat using Guid(c7f77ef5a1fccaa4aaaf8cc2e31e5f53) Importer(815301076,1909f56bfc062723c751e8b465ee728b)  -> (artifact id: '6c50584eee20f87153c27d887432eba5') in 0.038886 seconds
  Import took 0.044686 seconds .

========================================================================
Received Import Request.
  Time since last request: 126.123112 seconds.
  path: Assets/RW/Scenes/Game.unity
  artifactKey: Guid(c7d17eeaad25ad645b5a59c641b15767) Importer(815301076,1909f56bfc062723c751e8b465ee728b)
Start importing Assets/RW/Scenes/Game.unity using Guid(c7d17eeaad25ad645b5a59c641b15767) Importer(815301076,1909f56bfc062723c751e8b465ee728b)  -> (artifact id: '3920eaef05449e43b7737e5e037c6bc9') in 0.024814 seconds
  Import took 0.030512 seconds .

========================================================================
Received Prepare
Registering precompiled user dll's ...
Registered in 0.002307 seconds.
Begin MonoManager ReloadAssembly
Native extension for WindowsStandalone target not found
Native extension for OSXStandalone target not found
Refreshing native plugins compatible for Editor in 0.60 ms, found 0 plugins.
Preloading 0 native plugins for Editor in 0.00 ms.
Invoked RoslynAnalysisRunner static constructor.
RoslynAnalysisRunner will not be running.
RoslynAnalysisRunner has terminated.
Mono: successfully reloaded assembly
- Completed reload, in  1.581 seconds
Platform modules already initialized, skipping
Refreshing native plugins compatible for Editor in 0.38 ms, found 0 plugins.
Preloading 0 native plugins for Editor in 0.00 ms.
Unloading 1091 Unused Serialized files (Serialized files now loaded: 0)
System memory in use before: 65.7 MB.
System memory in use after: 65.8 MB.

Unloading 4 unused Assets to reduce memory usage. Loaded Objects now: 1602.
Total: 3.554000 ms (FindLiveObjects: 0.295600 ms CreateObjectMapping: 0.069400 ms MarkObjects: 3.155200 ms  DeleteObjects: 0.031100 ms)

========================================================================
Received Import Request.
  Time since last request: 31.614319 seconds.
  path: Assets/RW/Scenes/Title.unity
  artifactKey: Guid(54f7faf678be11946b167b94af6da5b7) Importer(815301076,1909f56bfc062723c751e8b465ee728b)
Start importing Assets/RW/Scenes/Title.unity using Guid(54f7faf678be11946b167b94af6da5b7) Importer(815301076,1909f56bfc062723c751e8b465ee728b)  -> (artifact id: '6d7727f6141250317ef4df35fe19167d') in 0.035743 seconds
  Import took 0.039969 seconds .

========================================================================
Received Import Request.
  Time since last request: 18.329767 seconds.
  path: Assets/RW/Materials/ground_image.jpg
  artifactKey: Guid(2eb43641f7f782c4687a4480427f940f) Importer(815301076,1909f56bfc062723c751e8b465ee728b)
Start importing Assets/RW/Materials/ground_image.jpg using Guid(2eb43641f7f782c4687a4480427f940f) Importer(815301076,1909f56bfc062723c751e8b465ee728b)  -> (artifact id: '0cb985dcf1b89428edf3fe37baa145da') in 0.070307 seconds
  Import took 0.073693 seconds .

========================================================================
Received Prepare
Registering precompiled user dll's ...
Registered in 0.001670 seconds.
Begin MonoManager ReloadAssembly
Native extension for WindowsStandalone target not found
Native extension for OSXStandalone target not found
Refreshing native plugins compatible for Editor in 0.48 ms, found 0 plugins.
Preloading 0 native plugins for Editor in 0.00 ms.
Invoked RoslynAnalysisRunner static constructor.
RoslynAnalysisRunner will not be running.
RoslynAnalysisRunner has terminated.
Mono: successfully reloaded assembly
- Completed reload, in  1.872 seconds
Platform modules already initialized, skipping
Refreshing native plugins compatible for Editor in 0.40 ms, found 0 plugins.
Preloading 0 native plugins for Editor in 0.00 ms.
Unloading 1091 Unused Serialized files (Serialized files now loaded: 0)
System memory in use before: 65.8 MB.
System memory in use after: 65.9 MB.

Unloading 4 unused Assets to reduce memory usage. Loaded Objects now: 1604.
Total: 4.105800 ms (FindLiveObjects: 0.435200 ms CreateObjectMapping: 0.082600 ms MarkObjects: 3.546000 ms  DeleteObjects: 0.038400 ms)

========================================================================
Received Prepare
Refreshing native plugins compatible for Editor in 1.50 ms, found 0 plugins.
Preloading 0 native plugins for Editor in 0.00 ms.
Unloading 2 Unused Serialized files (Serialized files now loaded: 0)
System memory in use before: 43.8 MB.
System memory in use after: 43.9 MB.

Unloading 2 unused Assets to reduce memory usage. Loaded Objects now: 1604.
Total: 2.864000 ms (FindLiveObjects: 0.445200 ms CreateObjectMapping: 0.129500 ms MarkObjects: 2.267300 ms  DeleteObjects: 0.019100 ms)

AssetImportWorkerClient::OnTransportError - code=2 error=End of file
